<?xml version="1.0" encoding="UTF-8"?>
<!-- Generated by org.testng.reporters.JUnitXMLReporter -->
<testsuite hostname="TK-IN-PC" ignored="0" name="Default test" tests="1" failures="0" timestamp="2020-05-15T14:23:57 IST" time="27.872" errors="0">
  <testcase name="@BeforeClass browserSetup" time="27.745" classname="com.smartRetail.base.BaseClass">
    <failure type="org.openqa.selenium.SessionNotCreatedException" message="session not created: This version of ChromeDriver only supports Chrome version 79
Build info: version: &amp;apos;3.141.59&amp;apos;, revision: &amp;apos;e82be7d358&amp;apos;, time: &amp;apos;2018-11-14T08:17:03&amp;apos;
System info: host: &amp;apos;TK-IN-PC&amp;apos;, ip: &amp;apos;192.168.9.91&amp;apos;, os.name: &amp;apos;Windows 10&amp;apos;, os.arch: &amp;apos;amd64&amp;apos;, os.version: &amp;apos;10.0&amp;apos;, java.version: &amp;apos;1.8.0_211&amp;apos;
Driver info: driver.version: ChromeDriver
remote stacktrace: Backtrace:
	Ordinal0 [0x001CA113+1548563]
	Ordinal0 [0x0014DDA1+1039777]
	Ordinal0 [0x000CE485+517253]
	Ordinal0 [0x0005FD34+64820]
	Ordinal0 [0x0005C61E+50718]
	Ordinal0 [0x0007B797+178071]
	Ordinal0 [0x0007B59D+177565]
	Ordinal0 [0x000795FB+169467]
	Ordinal0 [0x0006160A+71178]
	Ordinal0 [0x00062690+75408]
	Ordinal0 [0x00062629+75305]
	Ordinal0 [0x001671B7+1143223]
	GetHandleVerifier [0x00262B46+507814]
	GetHandleVerifier [0x00262864+507076]
	GetHandleVerifier [0x00269F47+537511]
	GetHandleVerifier [0x00263402+510050]
	Ordinal0 [0x0015F29C+1110684]
	Ordinal0 [0x0016938B+1151883]
	Ordinal0 [0x001694F3+1152243]
	Ordinal0 [0x001683F5+1147893]
	BaseThreadInitThunk [0x758338F4+36]
	RtlUnicodeStringToInteger [0x773A5E13+595]
	RtlUnicodeStringToInteger [0x773A5DDE+542]
	(No symbol) [0x00000000]
">
      <![CDATA[org.openqa.selenium.SessionNotCreatedException: session not created: This version of ChromeDriver only supports Chrome version 79
Build info: version: '3.141.59', revision: 'e82be7d358', time: '2018-11-14T08:17:03'
System info: host: 'TK-IN-PC', ip: '192.168.9.91', os.name: 'Windows 10', os.arch: 'amd64', os.version: '10.0', java.version: '1.8.0_211'
Driver info: driver.version: ChromeDriver
remote stacktrace: Backtrace:
Ordinal0 [0x001CA113+1548563]
Ordinal0 [0x0014DDA1+1039777]
Ordinal0 [0x000CE485+517253]
Ordinal0 [0x0005FD34+64820]
Ordinal0 [0x0005C61E+50718]
Ordinal0 [0x0007B797+178071]
Ordinal0 [0x0007B59D+177565]
Ordinal0 [0x000795FB+169467]
Ordinal0 [0x0006160A+71178]
Ordinal0 [0x00062690+75408]
Ordinal0 [0x00062629+75305]
Ordinal0 [0x001671B7+1143223]
GetHandleVerifier [0x00262B46+507814]
GetHandleVerifier [0x00262864+507076]
GetHandleVerifier [0x00269F47+537511]
GetHandleVerifier [0x00263402+510050]
Ordinal0 [0x0015F29C+1110684]
Ordinal0 [0x0016938B+1151883]
Ordinal0 [0x001694F3+1152243]
Ordinal0 [0x001683F5+1147893]
BaseThreadInitThunk [0x758338F4+36]
RtlUnicodeStringToInteger [0x773A5E13+595]
RtlUnicodeStringToInteger [0x773A5DDE+542]
(No symbol) [0x00000000]

at sun.reflect.NativeConstructorAccessorImpl.newInstance0(Native Method)
at sun.reflect.NativeConstructorAccessorImpl.newInstance(NativeConstructorAccessorImpl.java:62)
at sun.reflect.DelegatingConstructorAccessorImpl.newInstance(DelegatingConstructorAccessorImpl.java:45)
at java.lang.reflect.Constructor.newInstance(Constructor.java:423)
at org.openqa.selenium.remote.W3CHandshakeResponse.lambda$errorHandler$0(W3CHandshakeResponse.java:62)
at org.openqa.selenium.remote.HandshakeResponse.lambda$getResponseFunction$0(HandshakeResponse.java:30)
at org.openqa.selenium.remote.ProtocolHandshake.lambda$createSession$0(ProtocolHandshake.java:126)
at java.util.stream.ReferencePipeline$3$1.accept(ReferencePipeline.java:193)
at java.util.Spliterators$ArraySpliterator.tryAdvance(Spliterators.java:958)
at java.util.stream.ReferencePipeline.forEachWithCancel(ReferencePipeline.java:126)
at java.util.stream.AbstractPipeline.copyIntoWithCancel(AbstractPipeline.java:498)
at java.util.stream.AbstractPipeline.copyInto(AbstractPipeline.java:485)
at java.util.stream.AbstractPipeline.wrapAndCopyInto(AbstractPipeline.java:471)
at java.util.stream.FindOps$FindOp.evaluateSequential(FindOps.java:152)
at java.util.stream.AbstractPipeline.evaluate(AbstractPipeline.java:234)
at java.util.stream.ReferencePipeline.findFirst(ReferencePipeline.java:464)
at org.openqa.selenium.remote.ProtocolHandshake.createSession(ProtocolHandshake.java:128)
at org.openqa.selenium.remote.ProtocolHandshake.createSession(ProtocolHandshake.java:74)
at org.openqa.selenium.remote.HttpCommandExecutor.execute(HttpCommandExecutor.java:136)
at org.openqa.selenium.remote.service.DriverCommandExecutor.execute(DriverCommandExecutor.java:83)
at org.openqa.selenium.remote.RemoteWebDriver.execute(RemoteWebDriver.java:552)
at org.openqa.selenium.remote.RemoteWebDriver.startSession(RemoteWebDriver.java:213)
at org.openqa.selenium.remote.RemoteWebDriver.<init>(RemoteWebDriver.java:131)
at org.openqa.selenium.chrome.ChromeDriver.<init>(ChromeDriver.java:181)
at org.openqa.selenium.chrome.ChromeDriver.<init>(ChromeDriver.java:168)
at org.openqa.selenium.chrome.ChromeDriver.<init>(ChromeDriver.java:123)
at com.smartRetail.base.BaseClass.browserSetup(BaseClass.java:109)
at sun.reflect.NativeMethodAccessorImpl.invoke0(Native Method)
at sun.reflect.NativeMethodAccessorImpl.invoke(NativeMethodAccessorImpl.java:62)
at sun.reflect.DelegatingMethodAccessorImpl.invoke(DelegatingMethodAccessorImpl.java:43)
at java.lang.reflect.Method.invoke(Method.java:498)
at org.testng.internal.MethodInvocationHelper.invokeMethod(MethodInvocationHelper.java:135)
at org.testng.internal.MethodInvocationHelper.invokeMethodConsideringTimeout(MethodInvocationHelper.java:64)
at org.testng.internal.ConfigInvoker.invokeConfigurationMethod(ConfigInvoker.java:364)
at org.testng.internal.ConfigInvoker.invokeConfigurations(ConfigInvoker.java:318)
at org.testng.internal.TestMethodWorker.invokeBeforeClassMethods(TestMethodWorker.java:176)
at org.testng.internal.TestMethodWorker.run(TestMethodWorker.java:122)
at java.util.ArrayList.forEach(ArrayList.java:1257)
at org.testng.TestRunner.privateRun(TestRunner.java:767)
at org.testng.TestRunner.run(TestRunner.java:588)
at org.testng.SuiteRunner.runTest(SuiteRunner.java:384)
at org.testng.SuiteRunner.runSequentially(SuiteRunner.java:378)
at org.testng.SuiteRunner.privateRun(SuiteRunner.java:337)
at org.testng.SuiteRunner.run(SuiteRunner.java:286)
at org.testng.SuiteRunnerWorker.runSuite(SuiteRunnerWorker.java:53)
at org.testng.SuiteRunnerWorker.run(SuiteRunnerWorker.java:96)
at org.testng.TestNG.runSuitesSequentially(TestNG.java:1214)
at org.testng.TestNG.runSuitesLocally(TestNG.java:1136)
at org.testng.TestNG.runSuites(TestNG.java:1066)
at org.testng.TestNG.run(TestNG.java:1034)
at org.testng.remote.AbstractRemoteTestNG.run(AbstractRemoteTestNG.java:115)
at org.testng.remote.RemoteTestNG.initAndRun(RemoteTestNG.java:251)
at org.testng.remote.RemoteTestNG.main(RemoteTestNG.java:77)
]]>
    </failure>
  </testcase> <!-- @BeforeClass browserSetup -->
  <testcase name="@AfterMethod getResult" time="-1.589532837862E9" classname="com.smartRetail.base.BaseClass">
    <skipped/>
  </testcase> <!-- @AfterMethod getResult -->
  <testcase name="defCreatePurchaseOrder" time="0.0" classname="com.smartRetail.rough.ClickingMainMenuUsing_Sikuli">
    <skipped/>
  </testcase> <!-- defCreatePurchaseOrder -->
</testsuite> <!-- Default test -->
