<?xml version="1.0" encoding="UTF-8"?>
<testng-results skipped="1" failed="0" ignored="0" total="1" passed="0">
  <reporter-output>
  </reporter-output>
  <suite name="Default suite" duration-ms="27872" started-at="2020-05-15T14:23:30 IST" finished-at="2020-05-15T14:23:57 IST">
    <groups>
    </groups>
    <test name="Default test" duration-ms="27872" started-at="2020-05-15T14:23:30 IST" finished-at="2020-05-15T14:23:57 IST">
      <class name="com.smartRetail.rough.ClickingMainMenuUsing_Sikuli">
        <test-method status="PASS" signature="setUp()[pri:0, instance:com.smartRetail.rough.ClickingMainMenuUsing_Sikuli@76b0bfab]" name="setUp" is-config="true" duration-ms="507" started-at="2020-05-15T14:23:29 IST" finished-at="2020-05-15T14:23:29 IST">
          <reporter-output>
          </reporter-output>
        </test-method> <!-- setUp -->
        <test-method status="FAIL" signature="browserSetup()[pri:0, instance:com.smartRetail.rough.ClickingMainMenuUsing_Sikuli@76b0bfab]" name="browserSetup" is-config="true" duration-ms="27745" started-at="2020-05-15T14:23:30 IST" finished-at="2020-05-15T14:23:57 IST">
          <exception class="org.openqa.selenium.SessionNotCreatedException">
            <message>
              <![CDATA[session not created: This version of ChromeDriver only supports Chrome version 79
Build info: version: '3.141.59', revision: 'e82be7d358', time: '2018-11-14T08:17:03'
System info: host: 'TK-IN-PC', ip: '192.168.9.91', os.name: 'Windows 10', os.arch: 'amd64', os.version: '10.0', java.version: '1.8.0_211'
Driver info: driver.version: ChromeDriver
remote stacktrace: Backtrace:
Ordinal0 [0x001CA113+1548563]
Ordinal0 [0x0014DDA1+1039777]
Ordinal0 [0x000CE485+517253]
Ordinal0 [0x0005FD34+64820]
Ordinal0 [0x0005C61E+50718]
Ordinal0 [0x0007B797+178071]
Ordinal0 [0x0007B59D+177565]
Ordinal0 [0x000795FB+169467]
Ordinal0 [0x0006160A+71178]
Ordinal0 [0x00062690+75408]
Ordinal0 [0x00062629+75305]
Ordinal0 [0x001671B7+1143223]
GetHandleVerifier [0x00262B46+507814]
GetHandleVerifier [0x00262864+507076]
GetHandleVerifier [0x00269F47+537511]
GetHandleVerifier [0x00263402+510050]
Ordinal0 [0x0015F29C+1110684]
Ordinal0 [0x0016938B+1151883]
Ordinal0 [0x001694F3+1152243]
Ordinal0 [0x001683F5+1147893]
BaseThreadInitThunk [0x758338F4+36]
RtlUnicodeStringToInteger [0x773A5E13+595]
RtlUnicodeStringToInteger [0x773A5DDE+542]
(No symbol) [0x00000000]
]]>
            </message>
            <full-stacktrace>
              <![CDATA[org.openqa.selenium.SessionNotCreatedException: session not created: This version of ChromeDriver only supports Chrome version 79
Build info: version: '3.141.59', revision: 'e82be7d358', time: '2018-11-14T08:17:03'
System info: host: 'TK-IN-PC', ip: '192.168.9.91', os.name: 'Windows 10', os.arch: 'amd64', os.version: '10.0', java.version: '1.8.0_211'
Driver info: driver.version: ChromeDriver
remote stacktrace: Backtrace:
Ordinal0 [0x001CA113+1548563]
Ordinal0 [0x0014DDA1+1039777]
Ordinal0 [0x000CE485+517253]
Ordinal0 [0x0005FD34+64820]
Ordinal0 [0x0005C61E+50718]
Ordinal0 [0x0007B797+178071]
Ordinal0 [0x0007B59D+177565]
Ordinal0 [0x000795FB+169467]
Ordinal0 [0x0006160A+71178]
Ordinal0 [0x00062690+75408]
Ordinal0 [0x00062629+75305]
Ordinal0 [0x001671B7+1143223]
GetHandleVerifier [0x00262B46+507814]
GetHandleVerifier [0x00262864+507076]
GetHandleVerifier [0x00269F47+537511]
GetHandleVerifier [0x00263402+510050]
Ordinal0 [0x0015F29C+1110684]
Ordinal0 [0x0016938B+1151883]
Ordinal0 [0x001694F3+1152243]
Ordinal0 [0x001683F5+1147893]
BaseThreadInitThunk [0x758338F4+36]
RtlUnicodeStringToInteger [0x773A5E13+595]
RtlUnicodeStringToInteger [0x773A5DDE+542]
(No symbol) [0x00000000]

at sun.reflect.NativeConstructorAccessorImpl.newInstance0(Native Method)
at sun.reflect.NativeConstructorAccessorImpl.newInstance(NativeConstructorAccessorImpl.java:62)
at sun.reflect.DelegatingConstructorAccessorImpl.newInstance(DelegatingConstructorAccessorImpl.java:45)
at java.lang.reflect.Constructor.newInstance(Constructor.java:423)
at org.openqa.selenium.remote.W3CHandshakeResponse.lambda$errorHandler$0(W3CHandshakeResponse.java:62)
at org.openqa.selenium.remote.HandshakeResponse.lambda$getResponseFunction$0(HandshakeResponse.java:30)
at org.openqa.selenium.remote.ProtocolHandshake.lambda$createSession$0(ProtocolHandshake.java:126)
at java.util.stream.ReferencePipeline$3$1.accept(ReferencePipeline.java:193)
at java.util.Spliterators$ArraySpliterator.tryAdvance(Spliterators.java:958)
at java.util.stream.ReferencePipeline.forEachWithCancel(ReferencePipeline.java:126)
at java.util.stream.AbstractPipeline.copyIntoWithCancel(AbstractPipeline.java:498)
at java.util.stream.AbstractPipeline.copyInto(AbstractPipeline.java:485)
at java.util.stream.AbstractPipeline.wrapAndCopyInto(AbstractPipeline.java:471)
at java.util.stream.FindOps$FindOp.evaluateSequential(FindOps.java:152)
at java.util.stream.AbstractPipeline.evaluate(AbstractPipeline.java:234)
at java.util.stream.ReferencePipeline.findFirst(ReferencePipeline.java:464)
at org.openqa.selenium.remote.ProtocolHandshake.createSession(ProtocolHandshake.java:128)
at org.openqa.selenium.remote.ProtocolHandshake.createSession(ProtocolHandshake.java:74)
at org.openqa.selenium.remote.HttpCommandExecutor.execute(HttpCommandExecutor.java:136)
at org.openqa.selenium.remote.service.DriverCommandExecutor.execute(DriverCommandExecutor.java:83)
at org.openqa.selenium.remote.RemoteWebDriver.execute(RemoteWebDriver.java:552)
at org.openqa.selenium.remote.RemoteWebDriver.startSession(RemoteWebDriver.java:213)
at org.openqa.selenium.remote.RemoteWebDriver.<init>(RemoteWebDriver.java:131)
at org.openqa.selenium.chrome.ChromeDriver.<init>(ChromeDriver.java:181)
at org.openqa.selenium.chrome.ChromeDriver.<init>(ChromeDriver.java:168)
at org.openqa.selenium.chrome.ChromeDriver.<init>(ChromeDriver.java:123)
at com.smartRetail.base.BaseClass.browserSetup(BaseClass.java:109)
at sun.reflect.NativeMethodAccessorImpl.invoke0(Native Method)
at sun.reflect.NativeMethodAccessorImpl.invoke(NativeMethodAccessorImpl.java:62)
at sun.reflect.DelegatingMethodAccessorImpl.invoke(DelegatingMethodAccessorImpl.java:43)
at java.lang.reflect.Method.invoke(Method.java:498)
at org.testng.internal.MethodInvocationHelper.invokeMethod(MethodInvocationHelper.java:135)
at org.testng.internal.MethodInvocationHelper.invokeMethodConsideringTimeout(MethodInvocationHelper.java:64)
at org.testng.internal.ConfigInvoker.invokeConfigurationMethod(ConfigInvoker.java:364)
at org.testng.internal.ConfigInvoker.invokeConfigurations(ConfigInvoker.java:318)
at org.testng.internal.TestMethodWorker.invokeBeforeClassMethods(TestMethodWorker.java:176)
at org.testng.internal.TestMethodWorker.run(TestMethodWorker.java:122)
at java.util.ArrayList.forEach(ArrayList.java:1257)
at org.testng.TestRunner.privateRun(TestRunner.java:767)
at org.testng.TestRunner.run(TestRunner.java:588)
at org.testng.SuiteRunner.runTest(SuiteRunner.java:384)
at org.testng.SuiteRunner.runSequentially(SuiteRunner.java:378)
at org.testng.SuiteRunner.privateRun(SuiteRunner.java:337)
at org.testng.SuiteRunner.run(SuiteRunner.java:286)
at org.testng.SuiteRunnerWorker.runSuite(SuiteRunnerWorker.java:53)
at org.testng.SuiteRunnerWorker.run(SuiteRunnerWorker.java:96)
at org.testng.TestNG.runSuitesSequentially(TestNG.java:1214)
at org.testng.TestNG.runSuitesLocally(TestNG.java:1136)
at org.testng.TestNG.runSuites(TestNG.java:1066)
at org.testng.TestNG.run(TestNG.java:1034)
at org.testng.remote.AbstractRemoteTestNG.run(AbstractRemoteTestNG.java:115)
at org.testng.remote.RemoteTestNG.initAndRun(RemoteTestNG.java:251)
at org.testng.remote.RemoteTestNG.main(RemoteTestNG.java:77)
]]>
            </full-stacktrace>
          </exception> <!-- org.openqa.selenium.SessionNotCreatedException -->
          <reporter-output>
          </reporter-output>
        </test-method> <!-- browserSetup -->
        <test-method status="SKIP" signature="defCreatePurchaseOrder()[pri:0, instance:com.smartRetail.rough.ClickingMainMenuUsing_Sikuli@76b0bfab]" name="defCreatePurchaseOrder" duration-ms="0" started-at="2020-05-15T14:23:57 IST" finished-at="2020-05-15T14:23:57 IST">
          <exception class="org.openqa.selenium.SessionNotCreatedException">
            <message>
              <![CDATA[session not created: This version of ChromeDriver only supports Chrome version 79
Build info: version: '3.141.59', revision: 'e82be7d358', time: '2018-11-14T08:17:03'
System info: host: 'TK-IN-PC', ip: '192.168.9.91', os.name: 'Windows 10', os.arch: 'amd64', os.version: '10.0', java.version: '1.8.0_211'
Driver info: driver.version: ChromeDriver
remote stacktrace: Backtrace:
Ordinal0 [0x001CA113+1548563]
Ordinal0 [0x0014DDA1+1039777]
Ordinal0 [0x000CE485+517253]
Ordinal0 [0x0005FD34+64820]
Ordinal0 [0x0005C61E+50718]
Ordinal0 [0x0007B797+178071]
Ordinal0 [0x0007B59D+177565]
Ordinal0 [0x000795FB+169467]
Ordinal0 [0x0006160A+71178]
Ordinal0 [0x00062690+75408]
Ordinal0 [0x00062629+75305]
Ordinal0 [0x001671B7+1143223]
GetHandleVerifier [0x00262B46+507814]
GetHandleVerifier [0x00262864+507076]
GetHandleVerifier [0x00269F47+537511]
GetHandleVerifier [0x00263402+510050]
Ordinal0 [0x0015F29C+1110684]
Ordinal0 [0x0016938B+1151883]
Ordinal0 [0x001694F3+1152243]
Ordinal0 [0x001683F5+1147893]
BaseThreadInitThunk [0x758338F4+36]
RtlUnicodeStringToInteger [0x773A5E13+595]
RtlUnicodeStringToInteger [0x773A5DDE+542]
(No symbol) [0x00000000]
]]>
            </message>
            <full-stacktrace>
              <![CDATA[org.openqa.selenium.SessionNotCreatedException: session not created: This version of ChromeDriver only supports Chrome version 79
Build info: version: '3.141.59', revision: 'e82be7d358', time: '2018-11-14T08:17:03'
System info: host: 'TK-IN-PC', ip: '192.168.9.91', os.name: 'Windows 10', os.arch: 'amd64', os.version: '10.0', java.version: '1.8.0_211'
Driver info: driver.version: ChromeDriver
remote stacktrace: Backtrace:
Ordinal0 [0x001CA113+1548563]
Ordinal0 [0x0014DDA1+1039777]
Ordinal0 [0x000CE485+517253]
Ordinal0 [0x0005FD34+64820]
Ordinal0 [0x0005C61E+50718]
Ordinal0 [0x0007B797+178071]
Ordinal0 [0x0007B59D+177565]
Ordinal0 [0x000795FB+169467]
Ordinal0 [0x0006160A+71178]
Ordinal0 [0x00062690+75408]
Ordinal0 [0x00062629+75305]
Ordinal0 [0x001671B7+1143223]
GetHandleVerifier [0x00262B46+507814]
GetHandleVerifier [0x00262864+507076]
GetHandleVerifier [0x00269F47+537511]
GetHandleVerifier [0x00263402+510050]
Ordinal0 [0x0015F29C+1110684]
Ordinal0 [0x0016938B+1151883]
Ordinal0 [0x001694F3+1152243]
Ordinal0 [0x001683F5+1147893]
BaseThreadInitThunk [0x758338F4+36]
RtlUnicodeStringToInteger [0x773A5E13+595]
RtlUnicodeStringToInteger [0x773A5DDE+542]
(No symbol) [0x00000000]

at sun.reflect.NativeConstructorAccessorImpl.newInstance0(Native Method)
at sun.reflect.NativeConstructorAccessorImpl.newInstance(NativeConstructorAccessorImpl.java:62)
at sun.reflect.DelegatingConstructorAccessorImpl.newInstance(DelegatingConstructorAccessorImpl.java:45)
at java.lang.reflect.Constructor.newInstance(Constructor.java:423)
at org.openqa.selenium.remote.W3CHandshakeResponse.lambda$errorHandler$0(W3CHandshakeResponse.java:62)
at org.openqa.selenium.remote.HandshakeResponse.lambda$getResponseFunction$0(HandshakeResponse.java:30)
at org.openqa.selenium.remote.ProtocolHandshake.lambda$createSession$0(ProtocolHandshake.java:126)
at java.util.stream.ReferencePipeline$3$1.accept(ReferencePipeline.java:193)
at java.util.Spliterators$ArraySpliterator.tryAdvance(Spliterators.java:958)
at java.util.stream.ReferencePipeline.forEachWithCancel(ReferencePipeline.java:126)
at java.util.stream.AbstractPipeline.copyIntoWithCancel(AbstractPipeline.java:498)
at java.util.stream.AbstractPipeline.copyInto(AbstractPipeline.java:485)
at java.util.stream.AbstractPipeline.wrapAndCopyInto(AbstractPipeline.java:471)
at java.util.stream.FindOps$FindOp.evaluateSequential(FindOps.java:152)
at java.util.stream.AbstractPipeline.evaluate(AbstractPipeline.java:234)
at java.util.stream.ReferencePipeline.findFirst(ReferencePipeline.java:464)
at org.openqa.selenium.remote.ProtocolHandshake.createSession(ProtocolHandshake.java:128)
at org.openqa.selenium.remote.ProtocolHandshake.createSession(ProtocolHandshake.java:74)
at org.openqa.selenium.remote.HttpCommandExecutor.execute(HttpCommandExecutor.java:136)
at org.openqa.selenium.remote.service.DriverCommandExecutor.execute(DriverCommandExecutor.java:83)
at org.openqa.selenium.remote.RemoteWebDriver.execute(RemoteWebDriver.java:552)
at org.openqa.selenium.remote.RemoteWebDriver.startSession(RemoteWebDriver.java:213)
at org.openqa.selenium.remote.RemoteWebDriver.<init>(RemoteWebDriver.java:131)
at org.openqa.selenium.chrome.ChromeDriver.<init>(ChromeDriver.java:181)
at org.openqa.selenium.chrome.ChromeDriver.<init>(ChromeDriver.java:168)
at org.openqa.selenium.chrome.ChromeDriver.<init>(ChromeDriver.java:123)
at com.smartRetail.base.BaseClass.browserSetup(BaseClass.java:109)
at sun.reflect.NativeMethodAccessorImpl.invoke0(Native Method)
at sun.reflect.NativeMethodAccessorImpl.invoke(NativeMethodAccessorImpl.java:62)
at sun.reflect.DelegatingMethodAccessorImpl.invoke(DelegatingMethodAccessorImpl.java:43)
at java.lang.reflect.Method.invoke(Method.java:498)
at org.testng.internal.MethodInvocationHelper.invokeMethod(MethodInvocationHelper.java:135)
at org.testng.internal.MethodInvocationHelper.invokeMethodConsideringTimeout(MethodInvocationHelper.java:64)
at org.testng.internal.ConfigInvoker.invokeConfigurationMethod(ConfigInvoker.java:364)
at org.testng.internal.ConfigInvoker.invokeConfigurations(ConfigInvoker.java:318)
at org.testng.internal.TestMethodWorker.invokeBeforeClassMethods(TestMethodWorker.java:176)
at org.testng.internal.TestMethodWorker.run(TestMethodWorker.java:122)
at java.util.ArrayList.forEach(ArrayList.java:1257)
at org.testng.TestRunner.privateRun(TestRunner.java:767)
at org.testng.TestRunner.run(TestRunner.java:588)
at org.testng.SuiteRunner.runTest(SuiteRunner.java:384)
at org.testng.SuiteRunner.runSequentially(SuiteRunner.java:378)
at org.testng.SuiteRunner.privateRun(SuiteRunner.java:337)
at org.testng.SuiteRunner.run(SuiteRunner.java:286)
at org.testng.SuiteRunnerWorker.runSuite(SuiteRunnerWorker.java:53)
at org.testng.SuiteRunnerWorker.run(SuiteRunnerWorker.java:96)
at org.testng.TestNG.runSuitesSequentially(TestNG.java:1214)
at org.testng.TestNG.runSuitesLocally(TestNG.java:1136)
at org.testng.TestNG.runSuites(TestNG.java:1066)
at org.testng.TestNG.run(TestNG.java:1034)
at org.testng.remote.AbstractRemoteTestNG.run(AbstractRemoteTestNG.java:115)
at org.testng.remote.RemoteTestNG.initAndRun(RemoteTestNG.java:251)
at org.testng.remote.RemoteTestNG.main(RemoteTestNG.java:77)
]]>
            </full-stacktrace>
          </exception> <!-- org.openqa.selenium.SessionNotCreatedException -->
          <reporter-output>
          </reporter-output>
        </test-method> <!-- defCreatePurchaseOrder -->
        <test-method status="SKIP" signature="getResult(org.testng.ITestResult)[pri:0, instance:com.smartRetail.rough.ClickingMainMenuUsing_Sikuli@76b0bfab]" name="getResult" is-config="true" duration-ms="-1589532837862" started-at="2020-05-15T14:23:57 IST" finished-at="1970-01-01T05:30:00 IST">
          <reporter-output>
          </reporter-output>
        </test-method> <!-- getResult -->
        <test-method status="FAIL" signature="tearDown()[pri:0, instance:com.smartRetail.rough.ClickingMainMenuUsing_Sikuli@76b0bfab]" name="tearDown" is-config="true" duration-ms="5" started-at="2020-05-15T14:23:57 IST" finished-at="2020-05-15T14:23:57 IST">
          <exception class="java.lang.NullPointerException">
            <full-stacktrace>
              <![CDATA[java.lang.NullPointerException
at com.smartRetail.base.BaseClass.tearDown(BaseClass.java:210)
at sun.reflect.NativeMethodAccessorImpl.invoke0(Native Method)
at sun.reflect.NativeMethodAccessorImpl.invoke(NativeMethodAccessorImpl.java:62)
at sun.reflect.DelegatingMethodAccessorImpl.invoke(DelegatingMethodAccessorImpl.java:43)
at java.lang.reflect.Method.invoke(Method.java:498)
at org.testng.internal.MethodInvocationHelper.invokeMethod(MethodInvocationHelper.java:135)
at org.testng.internal.MethodInvocationHelper.invokeMethodConsideringTimeout(MethodInvocationHelper.java:64)
at org.testng.internal.ConfigInvoker.invokeConfigurationMethod(ConfigInvoker.java:364)
at org.testng.internal.ConfigInvoker.invokeConfigurations(ConfigInvoker.java:318)
at org.testng.SuiteRunner.privateRun(SuiteRunner.java:351)
at org.testng.SuiteRunner.run(SuiteRunner.java:286)
at org.testng.SuiteRunnerWorker.runSuite(SuiteRunnerWorker.java:53)
at org.testng.SuiteRunnerWorker.run(SuiteRunnerWorker.java:96)
at org.testng.TestNG.runSuitesSequentially(TestNG.java:1214)
at org.testng.TestNG.runSuitesLocally(TestNG.java:1136)
at org.testng.TestNG.runSuites(TestNG.java:1066)
at org.testng.TestNG.run(TestNG.java:1034)
at org.testng.remote.AbstractRemoteTestNG.run(AbstractRemoteTestNG.java:115)
at org.testng.remote.RemoteTestNG.initAndRun(RemoteTestNG.java:251)
at org.testng.remote.RemoteTestNG.main(RemoteTestNG.java:77)
]]>
            </full-stacktrace>
          </exception> <!-- java.lang.NullPointerException -->
          <reporter-output>
          </reporter-output>
        </test-method> <!-- tearDown -->
      </class> <!-- com.smartRetail.rough.ClickingMainMenuUsing_Sikuli -->
    </test> <!-- Default test -->
  </suite> <!-- Default suite -->
</testng-results>
